::1 - - [06/Aug/2020:09:35:00 +0000] "GET /api/shop/cart HTTP/1.1" 403 57 "-" "PostmanRuntime/7.6.0"
::1 - - [06/Aug/2020:09:38:19 +0000] "GET /api/shop/cart HTTP/1.1" 403 57 "-" "PostmanRuntime/7.6.0"
::1 - - [06/Aug/2020:09:38:32 +0000] "GET /api/shop/cart HTTP/1.1" 500 - "-" "PostmanRuntime/7.6.0"
::1 - - [07/Aug/2020:12:24:58 +0000] "GET /api/shop/products HTTP/1.1" 404 156 "-" "PostmanRuntime/7.6.0"
::1 - - [07/Aug/2020:12:28:56 +0000] "POST /api/shop/cart HTTP/1.1" 400 44 "-" "PostmanRuntime/7.6.0"
::1 - - [07/Aug/2020:12:29:40 +0000] "POST /api/shop/cart HTTP/1.1" 400 44 "-" "PostmanRuntime/7.6.0"
::1 - - [07/Aug/2020:12:29:43 +0000] "POST /api/shop/cart HTTP/1.1" 400 44 "-" "PostmanRuntime/7.6.0"
::1 - - [07/Aug/2020:12:30:35 +0000] "POST /api/shop/cart HTTP/1.1" 500 397 "-" "PostmanRuntime/7.6.0"
::1 - - [07/Aug/2020:12:57:16 +0000] "POST /api/shop/delete-cart HTTP/1.1" 500 - "-" "PostmanRuntime/7.6.0"
::1 - - [09/Aug/2020:09:19:00 +0000] "POST /api/api/orders HTTP/1.1" 404 154 "http://localhost:3000/cart" "Mozilla/5.0 (Windows NT 10.0; Win64; x64) AppleWebKit/537.36 (KHTML, like Gecko) Chrome/80.0.3987.163 Safari/537.36"
::1 - - [09/Aug/2020:10:09:32 +0000] "POST /api/shop/cart HTTP/1.1" 403 57 "http://localhost:3000/cart" "Mozilla/5.0 (Windows NT 10.0; Win64; x64) AppleWebKit/537.36 (KHTML, like Gecko) Chrome/80.0.3987.163 Safari/537.36"
::1 - - [09/Aug/2020:10:09:45 +0000] "POST /api/shop/cart HTTP/1.1" 403 57 "http://localhost:3000/cart" "Mozilla/5.0 (Windows NT 10.0; Win64; x64) AppleWebKit/537.36 (KHTML, like Gecko) Chrome/80.0.3987.163 Safari/537.36"
::1 - - [09/Aug/2020:10:35:46 +0000] "POST /api/admin/products/add-product HTTP/1.1" 500 899 "http://localhost:3000/admin/products/add-product" "Mozilla/5.0 (Windows NT 10.0; Win64; x64) AppleWebKit/537.36 (KHTML, like Gecko) Chrome/80.0.3987.163 Safari/537.36"
::1 - - [09/Aug/2020:11:10:47 +0000] "GET /api/shop/cart HTTP/1.1" 403 57 "-" "PostmanRuntime/7.6.0"
::1 - - [09/Aug/2020:11:44:45 +0000] "POST /api/shop/cart HTTP/1.1" 500 390 "http://localhost:3000/cart" "Mozilla/5.0 (Windows NT 10.0; Win64; x64) AppleWebKit/537.36 (KHTML, like Gecko) Chrome/80.0.3987.163 Safari/537.36"
::1 - - [09/Aug/2020:12:23:43 +0000] "GET /api/shop/cart HTTP/1.1" 403 57 "http://localhost:3000/cart" "Mozilla/5.0 (Windows NT 10.0; Win64; x64) AppleWebKit/537.36 (KHTML, like Gecko) Chrome/80.0.3987.163 Safari/537.36"
::1 - - [09/Aug/2020:12:24:57 +0000] "GET /api/shop/cart HTTP/1.1" 403 57 "http://localhost:3000/cart" "Mozilla/5.0 (Windows NT 10.0; Win64; x64) AppleWebKit/537.36 (KHTML, like Gecko) Chrome/80.0.3987.163 Safari/537.36"
::1 - - [09/Aug/2020:12:26:41 +0000] "GET /api/shop/cart HTTP/1.1" 403 57 "http://localhost:3000/cart" "Mozilla/5.0 (Windows NT 10.0; Win64; x64) AppleWebKit/537.36 (KHTML, like Gecko) Chrome/80.0.3987.163 Safari/537.36"
::1 - - [09/Aug/2020:12:26:41 +0000] "GET /api/shop/cart HTTP/1.1" 403 57 "http://localhost:3000/cart" "Mozilla/5.0 (Windows NT 10.0; Win64; x64) AppleWebKit/537.36 (KHTML, like Gecko) Chrome/80.0.3987.163 Safari/537.36"
::1 - - [09/Aug/2020:12:26:53 +0000] "GET /api/shop/cart HTTP/1.1" 403 57 "http://localhost:3000/" "Mozilla/5.0 (Windows NT 10.0; Win64; x64) AppleWebKit/537.36 (KHTML, like Gecko) Chrome/80.0.3987.163 Safari/537.36"
::1 - - [09/Aug/2020:12:26:53 +0000] "GET /api/shop/cart HTTP/1.1" 403 57 "http://localhost:3000/" "Mozilla/5.0 (Windows NT 10.0; Win64; x64) AppleWebKit/537.36 (KHTML, like Gecko) Chrome/80.0.3987.163 Safari/537.36"
::1 - - [09/Aug/2020:12:27:20 +0000] "GET /api/shop/cart HTTP/1.1" 403 57 "http://localhost:3000/" "Mozilla/5.0 (Windows NT 10.0; Win64; x64) AppleWebKit/537.36 (KHTML, like Gecko) Chrome/80.0.3987.163 Safari/537.36"
::1 - - [09/Aug/2020:12:27:20 +0000] "GET /api/shop/cart HTTP/1.1" 403 57 "http://localhost:3000/" "Mozilla/5.0 (Windows NT 10.0; Win64; x64) AppleWebKit/537.36 (KHTML, like Gecko) Chrome/80.0.3987.163 Safari/537.36"
::1 - - [09/Aug/2020:14:19:42 +0000] "GET /api/shop/cart HTTP/1.1" 403 57 "-" "PostmanRuntime/7.6.0"
::1 - - [09/Aug/2020:14:20:10 +0000] "GET /api/shop/cart HTTP/1.1" 500 - "-" "PostmanRuntime/7.6.0"
::1 - - [09/Aug/2020:18:55:17 +0000] "POST /api/shop/cart-decrement HTTP/1.1" 403 57 "http://localhost:3000/cart" "Mozilla/5.0 (Windows NT 10.0; Win64; x64) AppleWebKit/537.36 (KHTML, like Gecko) Chrome/80.0.3987.163 Safari/537.36"
::1 - - [10/Aug/2020:04:50:48 +0000] "POST /api/shop/delete-cart HTTP/1.1" 404 160 "http://localhost:3000/cart" "Mozilla/5.0 (Windows NT 10.0; Win64; x64) AppleWebKit/537.36 (KHTML, like Gecko) Chrome/80.0.3987.163 Safari/537.36"
::1 - - [10/Aug/2020:10:44:03 +0000] "POST /api/shop/cart HTTP/1.1" 403 57 "http://localhost:3000/products" "Mozilla/5.0 (Windows NT 10.0; Win64; x64) AppleWebKit/537.36 (KHTML, like Gecko) Chrome/80.0.3987.163 Safari/537.36"
::1 - - [10/Aug/2020:10:45:12 +0000] "POST /api/shop/cart HTTP/1.1" 403 57 "http://localhost:3000/products" "Mozilla/5.0 (Windows NT 10.0; Win64; x64) AppleWebKit/537.36 (KHTML, like Gecko) Chrome/80.0.3987.163 Safari/537.36"
::1 - - [10/Aug/2020:10:48:36 +0000] "POST /api/shop/cart HTTP/1.1" 403 57 "http://localhost:3000/products" "Mozilla/5.0 (Windows NT 10.0; Win64; x64) AppleWebKit/537.36 (KHTML, like Gecko) Chrome/80.0.3987.163 Safari/537.36"
::1 - - [10/Aug/2020:10:49:33 +0000] "POST /api/shop/cart HTTP/1.1" 403 57 "http://localhost:3000/products" "Mozilla/5.0 (Windows NT 10.0; Win64; x64) AppleWebKit/537.36 (KHTML, like Gecko) Chrome/80.0.3987.163 Safari/537.36"
::1 - - [10/Aug/2020:10:50:08 +0000] "POST /api/shop/cart HTTP/1.1" 403 57 "http://localhost:3000/products" "Mozilla/5.0 (Windows NT 10.0; Win64; x64) AppleWebKit/537.36 (KHTML, like Gecko) Chrome/80.0.3987.163 Safari/537.36"
::1 - - [10/Aug/2020:11:55:28 +0000] "GET /undefined HTTP/1.1" 404 148 "http://localhost:3000/products/Dj%20Moh" "Mozilla/5.0 (Windows NT 10.0; Win64; x64) AppleWebKit/537.36 (KHTML, like Gecko) Chrome/80.0.3987.163 Safari/537.36"
::1 - - [10/Aug/2020:11:55:38 +0000] "GET /undefined HTTP/1.1" 404 148 "http://localhost:3000/products/Dj%20Moh" "Mozilla/5.0 (Windows NT 10.0; Win64; x64) AppleWebKit/537.36 (KHTML, like Gecko) Chrome/80.0.3987.163 Safari/537.36"
::1 - - [10/Aug/2020:11:55:49 +0000] "GET /undefined HTTP/1.1" 404 148 "http://localhost:3000/products/Dj%20Moh" "Mozilla/5.0 (Windows NT 10.0; Win64; x64) AppleWebKit/537.36 (KHTML, like Gecko) Chrome/80.0.3987.163 Safari/537.36"
::1 - - [11/Aug/2020:07:40:05 +0000] "POST /api/api/orders HTTP/1.1" 404 154 "http://localhost:3000/cart" "Mozilla/5.0 (Windows NT 10.0; Win64; x64) AppleWebKit/537.36 (KHTML, like Gecko) Chrome/80.0.3987.163 Safari/537.36"
::1 - - [11/Aug/2020:07:40:14 +0000] "POST /api/api/orders HTTP/1.1" 404 154 "http://localhost:3000/checkout" "Mozilla/5.0 (Windows NT 10.0; Win64; x64) AppleWebKit/537.36 (KHTML, like Gecko) Chrome/80.0.3987.163 Safari/537.36"
::1 - - [11/Aug/2020:07:41:17 +0000] "POST /api/api/orders HTTP/1.1" 404 154 "http://localhost:3000/checkout" "Mozilla/5.0 (Windows NT 10.0; Win64; x64) AppleWebKit/537.36 (KHTML, like Gecko) Chrome/80.0.3987.163 Safari/537.36"
::1 - - [11/Aug/2020:07:41:17 +0000] "POST /api/api/orders HTTP/1.1" 404 154 "http://localhost:3000/checkout" "Mozilla/5.0 (Windows NT 10.0; Win64; x64) AppleWebKit/537.36 (KHTML, like Gecko) Chrome/80.0.3987.163 Safari/537.36"
::1 - - [11/Aug/2020:07:42:33 +0000] "POST /api/api/orders HTTP/1.1" 404 154 "http://localhost:3000/checkout" "Mozilla/5.0 (Windows NT 10.0; Win64; x64) AppleWebKit/537.36 (KHTML, like Gecko) Chrome/80.0.3987.163 Safari/537.36"
::1 - - [11/Aug/2020:07:42:45 +0000] "POST /api/api/orders HTTP/1.1" 404 154 "http://localhost:3000/checkout" "Mozilla/5.0 (Windows NT 10.0; Win64; x64) AppleWebKit/537.36 (KHTML, like Gecko) Chrome/80.0.3987.163 Safari/537.36"
::1 - - [11/Aug/2020:07:43:06 +0000] "POST /api/api/orders HTTP/1.1" 404 154 "http://localhost:3000/checkout" "Mozilla/5.0 (Windows NT 10.0; Win64; x64) AppleWebKit/537.36 (KHTML, like Gecko) Chrome/80.0.3987.163 Safari/537.36"
::1 - - [11/Aug/2020:07:44:07 +0000] "POST /api/api/orders HTTP/1.1" 404 154 "http://localhost:3000/checkout" "Mozilla/5.0 (Windows NT 10.0; Win64; x64) AppleWebKit/537.36 (KHTML, like Gecko) Chrome/80.0.3987.163 Safari/537.36"
::1 - - [11/Aug/2020:09:50:20 +0000] "GET /api/shop/cart HTTP/1.1" 403 57 "http://localhost:3000/" "Mozilla/5.0 (Windows NT 10.0; Win64; x64) AppleWebKit/537.36 (KHTML, like Gecko) Chrome/80.0.3987.163 Safari/537.36"
::1 - - [12/Aug/2020:15:51:25 +0000] "GET /api/shop/cart HTTP/1.1" 403 57 "http://localhost:3000/cart" "Mozilla/5.0 (Windows NT 10.0; Win64; x64) AppleWebKit/537.36 (KHTML, like Gecko) Chrome/80.0.3987.163 Safari/537.36"
::1 - - [12/Aug/2020:15:52:09 +0000] "GET /api/shop/cart HTTP/1.1" 403 57 "http://localhost:3000/cart" "Mozilla/5.0 (Windows NT 10.0; Win64; x64) AppleWebKit/537.36 (KHTML, like Gecko) Chrome/80.0.3987.163 Safari/537.36"
::1 - - [12/Aug/2020:15:53:55 +0000] "GET /api/shop/cart HTTP/1.1" 403 57 "http://localhost:3000/cart" "Mozilla/5.0 (Windows NT 10.0; Win64; x64) AppleWebKit/537.36 (KHTML, like Gecko) Chrome/80.0.3987.163 Safari/537.36"
::1 - - [12/Aug/2020:15:54:40 +0000] "GET /api/shop/cart HTTP/1.1" 403 57 "http://localhost:3000/cart" "Mozilla/5.0 (Windows NT 10.0; Win64; x64) AppleWebKit/537.36 (KHTML, like Gecko) Chrome/80.0.3987.163 Safari/537.36"
::1 - - [12/Aug/2020:15:55:38 +0000] "GET /api/shop/cart HTTP/1.1" 403 57 "http://localhost:3000/cart" "Mozilla/5.0 (Windows NT 10.0; Win64; x64) AppleWebKit/537.36 (KHTML, like Gecko) Chrome/80.0.3987.163 Safari/537.36"
::1 - - [12/Aug/2020:15:55:55 +0000] "GET /api/shop/cart HTTP/1.1" 403 57 "http://localhost:3000/cart" "Mozilla/5.0 (Windows NT 10.0; Win64; x64) AppleWebKit/537.36 (KHTML, like Gecko) Chrome/80.0.3987.163 Safari/537.36"
::1 - - [12/Aug/2020:15:57:06 +0000] "GET /api/shop/cart HTTP/1.1" 403 57 "http://localhost:3000/cart" "Mozilla/5.0 (Windows NT 10.0; Win64; x64) AppleWebKit/537.36 (KHTML, like Gecko) Chrome/80.0.3987.163 Safari/537.36"
::1 - - [12/Aug/2020:16:01:30 +0000] "GET /api/shop/cart HTTP/1.1" 403 57 "http://localhost:3000/cart" "Mozilla/5.0 (Windows NT 10.0; Win64; x64) AppleWebKit/537.36 (KHTML, like Gecko) Chrome/80.0.3987.163 Safari/537.36"
::1 - - [12/Aug/2020:16:02:45 +0000] "GET /api/shop/cart HTTP/1.1" 403 57 "http://localhost:3000/cart" "Mozilla/5.0 (Windows NT 10.0; Win64; x64) AppleWebKit/537.36 (KHTML, like Gecko) Chrome/80.0.3987.163 Safari/537.36"
::1 - - [12/Aug/2020:16:03:19 +0000] "GET /api/shop/cart HTTP/1.1" 403 57 "http://localhost:3000/cart" "Mozilla/5.0 (Windows NT 10.0; Win64; x64) AppleWebKit/537.36 (KHTML, like Gecko) Chrome/80.0.3987.163 Safari/537.36"
::1 - - [12/Aug/2020:16:04:48 +0000] "GET /api/shop/cart HTTP/1.1" 403 57 "http://localhost:3000/cart" "Mozilla/5.0 (Windows NT 10.0; Win64; x64) AppleWebKit/537.36 (KHTML, like Gecko) Chrome/80.0.3987.163 Safari/537.36"
::1 - - [12/Aug/2020:16:05:16 +0000] "GET /api/shop/cart HTTP/1.1" 403 57 "http://localhost:3000/cart" "Mozilla/5.0 (Windows NT 10.0; Win64; x64) AppleWebKit/537.36 (KHTML, like Gecko) Chrome/80.0.3987.163 Safari/537.36"
::1 - - [12/Aug/2020:16:06:05 +0000] "GET /api/shop/cart HTTP/1.1" 403 57 "http://localhost:3000/cart" "Mozilla/5.0 (Windows NT 10.0; Win64; x64) AppleWebKit/537.36 (KHTML, like Gecko) Chrome/80.0.3987.163 Safari/537.36"
::1 - - [12/Aug/2020:16:07:25 +0000] "GET /api/shop/cart HTTP/1.1" 403 57 "http://localhost:3000/cart" "Mozilla/5.0 (Windows NT 10.0; Win64; x64) AppleWebKit/537.36 (KHTML, like Gecko) Chrome/80.0.3987.163 Safari/537.36"
::1 - - [13/Aug/2020:14:30:28 +0000] "GET /api/shop/cart HTTP/1.1" 403 57 "http://localhost:3000/checkout" "Mozilla/5.0 (Windows NT 10.0; Win64; x64) AppleWebKit/537.36 (KHTML, like Gecko) Chrome/80.0.3987.163 Safari/537.36"
::1 - - [14/Aug/2020:11:32:37 +0000] "GET /api/shop/cart HTTP/1.1" 403 57 "http://localhost:3000/payment" "Mozilla/5.0 (Windows NT 10.0; Win64; x64) AppleWebKit/537.36 (KHTML, like Gecko) Chrome/80.0.3987.163 Safari/537.36"
::1 - - [14/Aug/2020:11:46:16 +0000] "GET /api/shop/cart HTTP/1.1" 403 57 "http://localhost:3000/payment" "Mozilla/5.0 (Windows NT 10.0; Win64; x64) AppleWebKit/537.36 (KHTML, like Gecko) Chrome/80.0.3987.163 Safari/537.36"
::1 - - [14/Aug/2020:11:47:04 +0000] "GET /api/shop/cart HTTP/1.1" 403 57 "http://localhost:3000/payment" "Mozilla/5.0 (Windows NT 10.0; Win64; x64) AppleWebKit/537.36 (KHTML, like Gecko) Chrome/80.0.3987.163 Safari/537.36"
::1 - - [14/Aug/2020:11:47:20 +0000] "GET /api/shop/cart HTTP/1.1" 403 57 "http://localhost:3000/payment" "Mozilla/5.0 (Windows NT 10.0; Win64; x64) AppleWebKit/537.36 (KHTML, like Gecko) Chrome/80.0.3987.163 Safari/537.36"
::1 - - [15/Aug/2020:07:48:38 +0000] "GET /api/shop/cart HTTP/1.1" 403 57 "http://localhost:3000/payment" "Mozilla/5.0 (Windows NT 10.0; Win64; x64) AppleWebKit/537.36 (KHTML, like Gecko) Chrome/80.0.3987.163 Safari/537.36"
::1 - - [15/Aug/2020:07:51:23 +0000] "GET /api/shop/cart HTTP/1.1" 403 57 "http://localhost:3000/payment" "Mozilla/5.0 (Windows NT 10.0; Win64; x64) AppleWebKit/537.36 (KHTML, like Gecko) Chrome/80.0.3987.163 Safari/537.36"
::1 - - [15/Aug/2020:07:53:40 +0000] "POST /api/shop/cart HTTP/1.1" 403 57 "http://localhost:3000/products" "Mozilla/5.0 (Windows NT 10.0; Win64; x64) AppleWebKit/537.36 (KHTML, like Gecko) Chrome/80.0.3987.163 Safari/537.36"
::1 - - [15/Aug/2020:07:53:48 +0000] "POST /api/shop/cart HTTP/1.1" 403 57 "http://localhost:3000/products" "Mozilla/5.0 (Windows NT 10.0; Win64; x64) AppleWebKit/537.36 (KHTML, like Gecko) Chrome/80.0.3987.163 Safari/537.36"
::1 - - [15/Aug/2020:07:57:28 +0000] "POST /api/shop/cart HTTP/1.1" 403 57 "http://localhost:3000/products" "Mozilla/5.0 (Windows NT 10.0; Win64; x64) AppleWebKit/537.36 (KHTML, like Gecko) Chrome/80.0.3987.163 Safari/537.36"
::1 - - [16/Aug/2020:07:54:32 +0000] "GET / HTTP/1.1" 404 139 "-" "Mozilla/5.0 (Windows NT 10.0; Win64; x64) AppleWebKit/537.36 (KHTML, like Gecko) Chrome/80.0.3987.163 Safari/537.36"
::1 - - [16/Aug/2020:07:56:56 +0000] "GET /api/shop/cart HTTP/1.1" 500 - "http://localhost:3000/" "Mozilla/5.0 (Windows NT 10.0; Win64; x64) AppleWebKit/537.36 (KHTML, like Gecko) Chrome/80.0.3987.163 Safari/537.36"
::1 - - [16/Aug/2020:08:32:51 +0000] "POST /api/shop/orders HTTP/1.1" 500 392 "http://localhost:3000/payment" "Mozilla/5.0 (Windows NT 10.0; Win64; x64) AppleWebKit/537.36 (KHTML, like Gecko) Chrome/80.0.3987.163 Safari/537.36"
::1 - - [16/Aug/2020:08:32:53 +0000] "POST /api/shop/orders HTTP/1.1" 500 392 "http://localhost:3000/payment" "Mozilla/5.0 (Windows NT 10.0; Win64; x64) AppleWebKit/537.36 (KHTML, like Gecko) Chrome/80.0.3987.163 Safari/537.36"
::1 - - [16/Aug/2020:08:52:15 +0000] "POST /api/shop/orders HTTP/1.1" 500 - "http://localhost:3000/payment" "Mozilla/5.0 (Windows NT 10.0; Win64; x64) AppleWebKit/537.36 (KHTML, like Gecko) Chrome/80.0.3987.163 Safari/537.36"
::1 - - [16/Aug/2020:08:58:56 +0000] "POST /api/shop/orders HTTP/1.1" 500 421 "http://localhost:3000/payment" "Mozilla/5.0 (Windows NT 10.0; Win64; x64) AppleWebKit/537.36 (KHTML, like Gecko) Chrome/80.0.3987.163 Safari/537.36"
::1 - - [16/Aug/2020:09:25:37 +0000] "GET /api/shop/cart HTTP/1.1" 500 - "http://localhost:3000/payment" "Mozilla/5.0 (Windows NT 10.0; Win64; x64) AppleWebKit/537.36 (KHTML, like Gecko) Chrome/80.0.3987.163 Safari/537.36"
::1 - - [16/Aug/2020:09:27:01 +0000] "GET /api/shop/cart HTTP/1.1" 500 - "http://localhost:3000/" "Mozilla/5.0 (Windows NT 10.0; Win64; x64) AppleWebKit/537.36 (KHTML, like Gecko) Chrome/80.0.3987.163 Safari/537.36"
::1 - - [16/Aug/2020:09:27:31 +0000] "GET /api/shop/cart HTTP/1.1" 500 - "http://localhost:3000/" "Mozilla/5.0 (Windows NT 10.0; Win64; x64) AppleWebKit/537.36 (KHTML, like Gecko) Chrome/80.0.3987.163 Safari/537.36"
::1 - - [16/Aug/2020:09:27:49 +0000] "GET /api/shop/cart HTTP/1.1" 500 - "http://localhost:3000/" "Mozilla/5.0 (Windows NT 10.0; Win64; x64) AppleWebKit/537.36 (KHTML, like Gecko) Chrome/80.0.3987.163 Safari/537.36"
::1 - - [16/Aug/2020:09:32:30 +0000] "GET /api/shop/cart HTTP/1.1" 500 - "http://localhost:3000/" "Mozilla/5.0 (Windows NT 10.0; Win64; x64) AppleWebKit/537.36 (KHTML, like Gecko) Chrome/80.0.3987.163 Safari/537.36"
::1 - - [16/Aug/2020:09:33:39 +0000] "GET /api/shop/cart HTTP/1.1" 500 - "http://localhost:3000/" "Mozilla/5.0 (Windows NT 10.0; Win64; x64) AppleWebKit/537.36 (KHTML, like Gecko) Chrome/80.0.3987.163 Safari/537.36"
::1 - - [16/Aug/2020:09:34:25 +0000] "GET /api/shop/cart HTTP/1.1" 500 - "http://localhost:3000/" "Mozilla/5.0 (Windows NT 10.0; Win64; x64) AppleWebKit/537.36 (KHTML, like Gecko) Chrome/80.0.3987.163 Safari/537.36"
::1 - - [16/Aug/2020:09:34:26 +0000] "GET /api/shop/orders HTTP/1.1" 500 - "http://localhost:3000/" "Mozilla/5.0 (Windows NT 10.0; Win64; x64) AppleWebKit/537.36 (KHTML, like Gecko) Chrome/80.0.3987.163 Safari/537.36"
::1 - - [16/Aug/2020:09:34:29 +0000] "GET /api/shop/orders HTTP/1.1" 500 - "http://localhost:3000/orders" "Mozilla/5.0 (Windows NT 10.0; Win64; x64) AppleWebKit/537.36 (KHTML, like Gecko) Chrome/80.0.3987.163 Safari/537.36"
::1 - - [16/Aug/2020:09:34:31 +0000] "GET /api/shop/orders HTTP/1.1" 500 - "http://localhost:3000/orders" "Mozilla/5.0 (Windows NT 10.0; Win64; x64) AppleWebKit/537.36 (KHTML, like Gecko) Chrome/80.0.3987.163 Safari/537.36"
::ffff:127.0.0.1 - - [16/Aug/2020:09:34:35 +0000] "GET /api/shop/orders HTTP/1.1" 500 2524 "-" "axios/0.19.1"
::ffff:127.0.0.1 - - [16/Aug/2020:09:34:37 +0000] "GET /api/shop/orders HTTP/1.1" 500 2524 "-" "axios/0.19.1"
::1 - - [16/Aug/2020:09:34:43 +0000] "GET /api/shop/cart HTTP/1.1" 500 - "http://localhost:3000/" "Mozilla/5.0 (Windows NT 10.0; Win64; x64) AppleWebKit/537.36 (KHTML, like Gecko) Chrome/80.0.3987.163 Safari/537.36"
::1 - - [16/Aug/2020:09:34:54 +0000] "GET /api/shop/cart HTTP/1.1" 500 - "http://localhost:3000/" "Mozilla/5.0 (Windows NT 10.0; Win64; x64) AppleWebKit/537.36 (KHTML, like Gecko) Chrome/80.0.3987.163 Safari/537.36"
::1 - - [16/Aug/2020:09:34:58 +0000] "GET /api/shop/orders HTTP/1.1" 500 - "http://localhost:3000/" "Mozilla/5.0 (Windows NT 10.0; Win64; x64) AppleWebKit/537.36 (KHTML, like Gecko) Chrome/80.0.3987.163 Safari/537.36"
::1 - - [16/Aug/2020:09:35:46 +0000] "GET /api/shop/cart HTTP/1.1" 500 - "http://localhost:3000/" "Mozilla/5.0 (Windows NT 10.0; Win64; x64) AppleWebKit/537.36 (KHTML, like Gecko) Chrome/80.0.3987.163 Safari/537.36"
::1 - - [16/Aug/2020:09:35:55 +0000] "GET /api/shop/orders HTTP/1.1" 500 - "http://localhost:3000/" "Mozilla/5.0 (Windows NT 10.0; Win64; x64) AppleWebKit/537.36 (KHTML, like Gecko) Chrome/80.0.3987.163 Safari/537.36"
::1 - - [16/Aug/2020:09:36:17 +0000] "GET /api/shop/orders HTTP/1.1" 500 - "http://localhost:3000/" "Mozilla/5.0 (Windows NT 10.0; Win64; x64) AppleWebKit/537.36 (KHTML, like Gecko) Chrome/80.0.3987.163 Safari/537.36"
::ffff:127.0.0.1 - - [16/Aug/2020:09:37:05 +0000] "GET /api/shop/orders HTTP/1.1" 500 2524 "-" "axios/0.19.1"
::1 - - [16/Aug/2020:09:37:50 +0000] "GET /api/shop/cart HTTP/1.1" 500 - "http://localhost:3000/" "Mozilla/5.0 (Windows NT 10.0; Win64; x64) AppleWebKit/537.36 (KHTML, like Gecko) Chrome/80.0.3987.163 Safari/537.36"
::1 - - [16/Aug/2020:09:37:54 +0000] "GET /api/shop/cart HTTP/1.1" 500 - "http://localhost:3000/" "Mozilla/5.0 (Windows NT 10.0; Win64; x64) AppleWebKit/537.36 (KHTML, like Gecko) Chrome/80.0.3987.163 Safari/537.36"
::1 - - [16/Aug/2020:09:38:00 +0000] "GET /api/shop/orders HTTP/1.1" 500 - "http://localhost:3000/" "Mozilla/5.0 (Windows NT 10.0; Win64; x64) AppleWebKit/537.36 (KHTML, like Gecko) Chrome/80.0.3987.163 Safari/537.36"
::ffff:127.0.0.1 - - [16/Aug/2020:09:38:18 +0000] "GET /api/shop/orders HTTP/1.1" 500 2524 "-" "axios/0.19.1"
::ffff:127.0.0.1 - - [16/Aug/2020:09:39:28 +0000] "GET /api/shop/orders HTTP/1.1" 500 2524 "-" "axios/0.19.1"
::ffff:127.0.0.1 - - [16/Aug/2020:09:39:35 +0000] "GET /api/shop/orders HTTP/1.1" 500 2524 "-" "axios/0.19.1"
::ffff:127.0.0.1 - - [16/Aug/2020:09:40:13 +0000] "GET /api/shop/cart HTTP/1.1" 500 - "http://localhost:3000/" "Mozilla/5.0 (Windows NT 10.0; Win64; x64) AppleWebKit/537.36 (KHTML, like Gecko) Chrome/80.0.3987.163 Safari/537.36"
::1 - - [16/Aug/2020:09:41:40 +0000] "GET /api/shop/orders HTTP/1.1" 400 44 "http://localhost:3000/" "Mozilla/5.0 (Windows NT 10.0; Win64; x64) AppleWebKit/537.36 (KHTML, like Gecko) Chrome/80.0.3987.163 Safari/537.36"
::1 - - [16/Aug/2020:09:42:22 +0000] "GET /api/shop/cart HTTP/1.1" 500 - "http://localhost:3000/" "Mozilla/5.0 (Windows NT 10.0; Win64; x64) AppleWebKit/537.36 (KHTML, like Gecko) Chrome/80.0.3987.163 Safari/537.36"
::1 - - [16/Aug/2020:09:42:25 +0000] "GET /api/shop/orders HTTP/1.1" 400 44 "http://localhost:3000/" "Mozilla/5.0 (Windows NT 10.0; Win64; x64) AppleWebKit/537.36 (KHTML, like Gecko) Chrome/80.0.3987.163 Safari/537.36"
::ffff:127.0.0.1 - - [16/Aug/2020:09:42:43 +0000] "GET /api/shop/orders HTTP/1.1" 400 44 "-" "axios/0.19.1"
::1 - - [16/Aug/2020:09:42:52 +0000] "GET /api/shop/cart HTTP/1.1" 500 - "http://localhost:3000/" "Mozilla/5.0 (Windows NT 10.0; Win64; x64) AppleWebKit/537.36 (KHTML, like Gecko) Chrome/80.0.3987.163 Safari/537.36"
::1 - - [16/Aug/2020:09:43:57 +0000] "GET /api/shop/cart HTTP/1.1" 500 - "http://localhost:3000/" "Mozilla/5.0 (Windows NT 10.0; Win64; x64) AppleWebKit/537.36 (KHTML, like Gecko) Chrome/80.0.3987.163 Safari/537.36"
::1 - - [16/Aug/2020:09:46:42 +0000] "GET /api/shop/orders HTTP/1.1" 400 44 "http://localhost:3000/" "Mozilla/5.0 (Windows NT 10.0; Win64; x64) AppleWebKit/537.36 (KHTML, like Gecko) Chrome/80.0.3987.163 Safari/537.36"
::1 - - [16/Aug/2020:09:47:56 +0000] "GET /api/shop/cart HTTP/1.1" 500 - "http://localhost:3000/" "Mozilla/5.0 (Windows NT 10.0; Win64; x64) AppleWebKit/537.36 (KHTML, like Gecko) Chrome/80.0.3987.163 Safari/537.36"
::1 - - [16/Aug/2020:10:05:15 +0000] "GET /api/shop/cart HTTP/1.1" 500 - "http://localhost:3000/orders" "Mozilla/5.0 (Windows NT 10.0; Win64; x64) AppleWebKit/537.36 (KHTML, like Gecko) Chrome/80.0.3987.163 Safari/537.36"
::1 - - [16/Aug/2020:10:06:39 +0000] "GET /api/shop/cart HTTP/1.1" 500 - "http://localhost:3000/" "Mozilla/5.0 (Windows NT 10.0; Win64; x64) AppleWebKit/537.36 (KHTML, like Gecko) Chrome/80.0.3987.163 Safari/537.36"
::1 - - [16/Aug/2020:10:08:32 +0000] "GET /api/shop/cart HTTP/1.1" 500 - "http://localhost:3000/" "Mozilla/5.0 (Windows NT 10.0; Win64; x64) AppleWebKit/537.36 (KHTML, like Gecko) Chrome/80.0.3987.163 Safari/537.36"
::1 - - [16/Aug/2020:10:09:59 +0000] "GET /api/shop/cart HTTP/1.1" 500 - "http://localhost:3000/" "Mozilla/5.0 (Windows NT 10.0; Win64; x64) AppleWebKit/537.36 (KHTML, like Gecko) Chrome/80.0.3987.163 Safari/537.36"
::1 - - [16/Aug/2020:10:11:00 +0000] "GET /api/shop/cart HTTP/1.1" 500 - "http://localhost:3000/" "Mozilla/5.0 (Windows NT 10.0; Win64; x64) AppleWebKit/537.36 (KHTML, like Gecko) Chrome/80.0.3987.163 Safari/537.36"
::1 - - [16/Aug/2020:10:11:28 +0000] "GET /api/shop/orders HTTP/1.1" 400 44 "http://localhost:3000/" "Mozilla/5.0 (Windows NT 10.0; Win64; x64) AppleWebKit/537.36 (KHTML, like Gecko) Chrome/80.0.3987.163 Safari/537.36"
::ffff:127.0.0.1 - - [16/Aug/2020:10:12:32 +0000] "GET /api/shop/orders HTTP/1.1" 400 44 "-" "axios/0.19.1"
::ffff:127.0.0.1 - - [16/Aug/2020:10:12:39 +0000] "GET /api/shop/orders HTTP/1.1" 400 44 "-" "axios/0.19.1"
::1 - - [16/Aug/2020:10:12:47 +0000] "GET /api/shop/cart HTTP/1.1" 500 - "http://localhost:3000/" "Mozilla/5.0 (Windows NT 10.0; Win64; x64) AppleWebKit/537.36 (KHTML, like Gecko) Chrome/80.0.3987.163 Safari/537.36"
::1 - - [16/Aug/2020:10:16:02 +0000] "GET /api/shop/cart HTTP/1.1" 500 - "http://localhost:3000/" "Mozilla/5.0 (Windows NT 10.0; Win64; x64) AppleWebKit/537.36 (KHTML, like Gecko) Chrome/80.0.3987.163 Safari/537.36"
::1 - - [16/Aug/2020:10:46:31 +0000] "GET /api/shop/orders HTTP/1.1" 403 57 "http://localhost:3000/" "Mozilla/5.0 (Windows NT 10.0; Win64; x64) AppleWebKit/537.36 (KHTML, like Gecko) Chrome/80.0.3987.163 Safari/537.36"
::1 - - [16/Aug/2020:10:46:45 +0000] "GET /api/shop/orders HTTP/1.1" 400 44 "-" "Mozilla/5.0 (Windows NT 10.0; Win64; x64) AppleWebKit/537.36 (KHTML, like Gecko) Chrome/80.0.3987.163 Safari/537.36"
::1 - - [16/Aug/2020:10:46:46 +0000] "GET /favicon.ico HTTP/1.1" 404 150 "-" "Mozilla/5.0 (Windows NT 10.0; Win64; x64) AppleWebKit/537.36 (KHTML, like Gecko) Chrome/80.0.3987.163 Safari/537.36"
::1 - - [16/Aug/2020:10:47:31 +0000] "GET /api/shop/cart HTTP/1.1" 500 - "http://localhost:3000/" "Mozilla/5.0 (Windows NT 10.0; Win64; x64) AppleWebKit/537.36 (KHTML, like Gecko) Chrome/80.0.3987.163 Safari/537.36"
::1 - - [16/Aug/2020:10:49:02 +0000] "GET /api/shop/cart HTTP/1.1" 500 - "http://localhost:3000/" "Mozilla/5.0 (Windows NT 10.0; Win64; x64) AppleWebKit/537.36 (KHTML, like Gecko) Chrome/80.0.3987.163 Safari/537.36"
::ffff:127.0.0.1 - - [16/Aug/2020:11:05:46 +0000] "GET /api/shop/orders HTTP/1.1" 403 57 "-" "axios/0.19.1"
::ffff:127.0.0.1 - - [16/Aug/2020:11:06:58 +0000] "GET /api/shop/orders HTTP/1.1" 403 57 "-" "axios/0.19.1"
::ffff:127.0.0.1 - - [16/Aug/2020:11:08:08 +0000] "GET /api/shop/orders HTTP/1.1" 403 57 "-" "axios/0.19.1"
::ffff:127.0.0.1 - - [16/Aug/2020:11:08:24 +0000] "GET /api/shop/orders HTTP/1.1" 403 57 "-" "axios/0.19.1"
::ffff:127.0.0.1 - - [16/Aug/2020:11:09:29 +0000] "GET /api/shop/orders HTTP/1.1" 403 57 "-" "axios/0.19.1"
::ffff:127.0.0.1 - - [16/Aug/2020:11:10:39 +0000] "GET /api/shop/orders HTTP/1.1" 403 57 "-" "axios/0.19.1"
::ffff:127.0.0.1 - - [16/Aug/2020:11:10:48 +0000] "GET /api/shop/orders HTTP/1.1" 403 57 "-" "axios/0.19.1"
::ffff:127.0.0.1 - - [16/Aug/2020:11:10:59 +0000] "GET /api/shop/orders HTTP/1.1" 403 57 "-" "axios/0.19.1"
::1 - - [16/Aug/2020:11:11:13 +0000] "GET /api/shop/cart HTTP/1.1" 500 - "http://localhost:3000/" "Mozilla/5.0 (Windows NT 10.0; Win64; x64) AppleWebKit/537.36 (KHTML, like Gecko) Chrome/80.0.3987.163 Safari/537.36"
::ffff:127.0.0.1 - - [16/Aug/2020:11:11:58 +0000] "GET /api/shop/orders HTTP/1.1" 403 57 "-" "axios/0.19.1"
::ffff:127.0.0.1 - - [16/Aug/2020:11:12:31 +0000] "GET /api/shop/orders HTTP/1.1" 403 57 "-" "axios/0.19.1"
::ffff:127.0.0.1 - - [16/Aug/2020:11:12:57 +0000] "GET /api/shop/orders HTTP/1.1" 403 57 "-" "axios/0.19.1"
::ffff:127.0.0.1 - - [16/Aug/2020:11:13:05 +0000] "GET /api/shop/orders HTTP/1.1" 403 57 "-" "axios/0.19.1"
::1 - - [16/Aug/2020:11:13:32 +0000] "GET /api/shop/cart HTTP/1.1" 500 - "http://localhost:3000/" "Mozilla/5.0 (Windows NT 10.0; Win64; x64) AppleWebKit/537.36 (KHTML, like Gecko) Chrome/80.0.3987.163 Safari/537.36"
::ffff:127.0.0.1 - - [16/Aug/2020:11:15:20 +0000] "GET /api/shop/orders HTTP/1.1" 403 57 "-" "axios/0.19.1"
::1 - - [16/Aug/2020:11:15:31 +0000] "GET /api/shop/cart HTTP/1.1" 500 - "http://localhost:3000/" "Mozilla/5.0 (Windows NT 10.0; Win64; x64) AppleWebKit/537.36 (KHTML, like Gecko) Chrome/80.0.3987.163 Safari/537.36"
::ffff:127.0.0.1 - - [16/Aug/2020:11:16:02 +0000] "GET /api/shop/orders HTTP/1.1" 403 57 "-" "axios/0.19.1"
::1 - - [16/Aug/2020:11:16:02 +0000] "GET /api/shop/cart HTTP/1.1" 500 - "http://localhost:3000/orders" "Mozilla/5.0 (Windows NT 10.0; Win64; x64) AppleWebKit/537.36 (KHTML, like Gecko) Chrome/80.0.3987.163 Safari/537.36"
::ffff:127.0.0.1 - - [16/Aug/2020:11:16:24 +0000] "GET /api/shop/orders HTTP/1.1" 403 57 "-" "axios/0.19.1"
::1 - - [16/Aug/2020:11:16:37 +0000] "GET /api/shop/cart HTTP/1.1" 500 - "http://localhost:3000/" "Mozilla/5.0 (Windows NT 10.0; Win64; x64) AppleWebKit/537.36 (KHTML, like Gecko) Chrome/80.0.3987.163 Safari/537.36"
::ffff:127.0.0.1 - - [16/Aug/2020:11:40:33 +0000] "GET /api/shop/orders HTTP/1.1" 403 57 "-" "axios/0.19.1"
::ffff:127.0.0.1 - - [16/Aug/2020:11:40:40 +0000] "GET /api/shop/orders HTTP/1.1" 403 57 "-" "axios/0.19.1"
::1 - - [16/Aug/2020:11:40:46 +0000] "GET /api/shop/cart HTTP/1.1" 500 - "http://localhost:3000/" "Mozilla/5.0 (Windows NT 10.0; Win64; x64) AppleWebKit/537.36 (KHTML, like Gecko) Chrome/80.0.3987.163 Safari/537.36"
::ffff:127.0.0.1 - - [16/Aug/2020:11:41:29 +0000] "GET /api/shop/orders HTTP/1.1" 403 57 "-" "axios/0.19.1"
::1 - - [16/Aug/2020:11:41:40 +0000] "GET /api/shop/cart HTTP/1.1" 500 - "http://localhost:3000/" "Mozilla/5.0 (Windows NT 10.0; Win64; x64) AppleWebKit/537.36 (KHTML, like Gecko) Chrome/80.0.3987.163 Safari/537.36"
::1 - - [16/Aug/2020:11:54:28 +0000] "GET /api/shop/orders HTTP/1.1" 403 57 "http://localhost:3000/orders" "Mozilla/5.0 (Windows NT 10.0; Win64; x64) AppleWebKit/537.36 (KHTML, like Gecko) Chrome/80.0.3987.163 Safari/537.36"
::1 - - [16/Aug/2020:11:55:17 +0000] "GET /api/shop/orders HTTP/1.1" 403 57 "http://localhost:3000/" "Mozilla/5.0 (Windows NT 10.0; Win64; x64) AppleWebKit/537.36 (KHTML, like Gecko) Chrome/80.0.3987.163 Safari/537.36"
::1 - - [16/Aug/2020:11:55:21 +0000] "GET /api/shop/orders HTTP/1.1" 403 57 "http://localhost:3000/orders" "Mozilla/5.0 (Windows NT 10.0; Win64; x64) AppleWebKit/537.36 (KHTML, like Gecko) Chrome/80.0.3987.163 Safari/537.36"
::1 - - [16/Aug/2020:11:55:45 +0000] "GET /api/shop/cart HTTP/1.1" 500 - "http://localhost:3000/" "Mozilla/5.0 (Windows NT 10.0; Win64; x64) AppleWebKit/537.36 (KHTML, like Gecko) Chrome/80.0.3987.163 Safari/537.36"
::1 - - [16/Aug/2020:11:59:03 +0000] "GET /api/shop/cart HTTP/1.1" 500 - "http://localhost:3000/" "Mozilla/5.0 (Windows NT 10.0; Win64; x64) AppleWebKit/537.36 (KHTML, like Gecko) Chrome/80.0.3987.163 Safari/537.36"
::1 - - [16/Aug/2020:11:59:57 +0000] "GET /api/shop/cart HTTP/1.1" 500 - "http://localhost:3000/shipping" "Mozilla/5.0 (Windows NT 10.0; Win64; x64) AppleWebKit/537.36 (KHTML, like Gecko) Chrome/80.0.3987.163 Safari/537.36"
::1 - - [16/Aug/2020:12:00:09 +0000] "GET /api/shop/cart HTTP/1.1" 500 - "http://localhost:3000/cart" "Mozilla/5.0 (Windows NT 10.0; Win64; x64) AppleWebKit/537.36 (KHTML, like Gecko) Chrome/80.0.3987.163 Safari/537.36"
::1 - - [16/Aug/2020:12:00:12 +0000] "GET /api/shop/cart HTTP/1.1" 500 - "http://localhost:3000/cart" "Mozilla/5.0 (Windows NT 10.0; Win64; x64) AppleWebKit/537.36 (KHTML, like Gecko) Chrome/80.0.3987.163 Safari/537.36"
::1 - - [16/Aug/2020:12:01:06 +0000] "GET /api/shop/cart HTTP/1.1" 500 - "http://localhost:3000/checkout" "Mozilla/5.0 (Windows NT 10.0; Win64; x64) AppleWebKit/537.36 (KHTML, like Gecko) Chrome/80.0.3987.163 Safari/537.36"
::1 - - [16/Aug/2020:12:01:10 +0000] "GET /api/shop/cart HTTP/1.1" 500 - "http://localhost:3000/" "Mozilla/5.0 (Windows NT 10.0; Win64; x64) AppleWebKit/537.36 (KHTML, like Gecko) Chrome/80.0.3987.163 Safari/537.36"
::1 - - [16/Aug/2020:12:01:59 +0000] "GET /api/shop/cart HTTP/1.1" 500 - "http://localhost:3000/payment" "Mozilla/5.0 (Windows NT 10.0; Win64; x64) AppleWebKit/537.36 (KHTML, like Gecko) Chrome/80.0.3987.163 Safari/537.36"
::1 - - [16/Aug/2020:12:02:03 +0000] "GET /api/shop/cart HTTP/1.1" 500 - "http://localhost:3000/" "Mozilla/5.0 (Windows NT 10.0; Win64; x64) AppleWebKit/537.36 (KHTML, like Gecko) Chrome/80.0.3987.163 Safari/537.36"
::1 - - [16/Aug/2020:12:04:03 +0000] "GET /api/shop/cart HTTP/1.1" 500 - "http://localhost:3000/payment" "Mozilla/5.0 (Windows NT 10.0; Win64; x64) AppleWebKit/537.36 (KHTML, like Gecko) Chrome/80.0.3987.163 Safari/537.36"
::1 - - [16/Aug/2020:12:06:34 +0000] "GET /api/shop/cart HTTP/1.1" 500 - "http://localhost:3000/cart" "Mozilla/5.0 (Windows NT 10.0; Win64; x64) AppleWebKit/537.36 (KHTML, like Gecko) Chrome/80.0.3987.163 Safari/537.36"
::1 - - [16/Aug/2020:12:06:54 +0000] "GET /api/shop/cart HTTP/1.1" 500 - "http://localhost:3000/" "Mozilla/5.0 (Windows NT 10.0; Win64; x64) AppleWebKit/537.36 (KHTML, like Gecko) Chrome/80.0.3987.163 Safari/537.36"
::1 - - [16/Aug/2020:12:07:22 +0000] "POST /api/shop/orders HTTP/1.1" 500 618 "http://localhost:3000/payment" "Mozilla/5.0 (Windows NT 10.0; Win64; x64) AppleWebKit/537.36 (KHTML, like Gecko) Chrome/80.0.3987.163 Safari/537.36"
::1 - - [16/Aug/2020:12:07:42 +0000] "POST /api/shop/orders HTTP/1.1" 500 618 "http://localhost:3000/payment" "Mozilla/5.0 (Windows NT 10.0; Win64; x64) AppleWebKit/537.36 (KHTML, like Gecko) Chrome/80.0.3987.163 Safari/537.36"
::1 - - [16/Aug/2020:12:10:42 +0000] "GET /api/shop/cart HTTP/1.1" 500 - "http://localhost:3000/" "Mozilla/5.0 (Windows NT 10.0; Win64; x64) AppleWebKit/537.36 (KHTML, like Gecko) Chrome/80.0.3987.163 Safari/537.36"
::ffff:127.0.0.1 - - [16/Aug/2020:12:13:01 +0000] "GET /api/shop/orders HTTP/1.1" 403 57 "-" "axios/0.19.1"
::1 - - [16/Aug/2020:12:13:06 +0000] "GET /api/shop/cart HTTP/1.1" 500 - "http://localhost:3000/payment" "Mozilla/5.0 (Windows NT 10.0; Win64; x64) AppleWebKit/537.36 (KHTML, like Gecko) Chrome/80.0.3987.163 Safari/537.36"
::1 - - [16/Aug/2020:12:13:12 +0000] "GET /api/shop/cart HTTP/1.1" 500 - "http://localhost:3000/" "Mozilla/5.0 (Windows NT 10.0; Win64; x64) AppleWebKit/537.36 (KHTML, like Gecko) Chrome/80.0.3987.163 Safari/537.36"
::ffff:127.0.0.1 - - [16/Aug/2020:12:13:16 +0000] "GET /api/shop/orders HTTP/1.1" 403 57 "-" "axios/0.19.1"
::1 - - [16/Aug/2020:12:13:21 +0000] "GET /api/shop/cart HTTP/1.1" 500 - "http://localhost:3000/" "Mozilla/5.0 (Windows NT 10.0; Win64; x64) AppleWebKit/537.36 (KHTML, like Gecko) Chrome/80.0.3987.163 Safari/537.36"
::1 - - [16/Aug/2020:12:13:55 +0000] "GET /api/shop/cart HTTP/1.1" 500 - "http://localhost:3000/" "Mozilla/5.0 (Windows NT 10.0; Win64; x64) AppleWebKit/537.36 (KHTML, like Gecko) Chrome/80.0.3987.163 Safari/537.36"
::1 - - [16/Aug/2020:12:15:27 +0000] "GET /api/shop/cart HTTP/1.1" 500 - "http://localhost:3000/cart" "Mozilla/5.0 (Windows NT 10.0; Win64; x64) AppleWebKit/537.36 (KHTML, like Gecko) Chrome/80.0.3987.163 Safari/537.36"
::1 - - [16/Aug/2020:12:35:34 +0000] "GET /api/shop/cart HTTP/1.1" 500 - "http://localhost:3000/orders" "Mozilla/5.0 (Windows NT 10.0; Win64; x64) AppleWebKit/537.36 (KHTML, like Gecko) Chrome/80.0.3987.163 Safari/537.36"
::1 - - [16/Aug/2020:12:38:12 +0000] "GET /api/shop/cart HTTP/1.1" 500 - "http://localhost:3000/orders" "Mozilla/5.0 (Windows NT 10.0; Win64; x64) AppleWebKit/537.36 (KHTML, like Gecko) Chrome/80.0.3987.163 Safari/537.36"
::1 - - [16/Aug/2020:12:41:43 +0000] "POST /api/shop/orders HTTP/1.1" 500 - "http://localhost:3000/orders" "Mozilla/5.0 (Windows NT 10.0; Win64; x64) AppleWebKit/537.36 (KHTML, like Gecko) Chrome/80.0.3987.163 Safari/537.36"
::1 - - [16/Aug/2020:12:43:53 +0000] "GET /api/shop/cart HTTP/1.1" 500 - "http://localhost:3000/orders" "Mozilla/5.0 (Windows NT 10.0; Win64; x64) AppleWebKit/537.36 (KHTML, like Gecko) Chrome/80.0.3987.163 Safari/537.36"
::1 - - [16/Aug/2020:12:56:06 +0000] "POST /api/shop/orders/delete-order HTTP/1.1" 403 57 "http://localhost:3000/orders" "Mozilla/5.0 (Windows NT 10.0; Win64; x64) AppleWebKit/537.36 (KHTML, like Gecko) Chrome/80.0.3987.163 Safari/537.36"
::ffff:127.0.0.1 - - [16/Aug/2020:13:20:32 +0000] "GET /api/shop/orders HTTP/1.1" 403 57 "-" "axios/0.19.1"
::1 - - [16/Aug/2020:13:59:29 +0000] "GET /api/shop/cart HTTP/1.1" 403 57 "http://localhost:3000/cart" "Mozilla/5.0 (Windows NT 10.0; Win64; x64) AppleWebKit/537.36 (KHTML, like Gecko) Chrome/80.0.3987.163 Safari/537.36"
::1 - - [16/Aug/2020:13:59:34 +0000] "POST /api/shop/cart-decrement HTTP/1.1" 403 57 "http://localhost:3000/cart" "Mozilla/5.0 (Windows NT 10.0; Win64; x64) AppleWebKit/537.36 (KHTML, like Gecko) Chrome/80.0.3987.163 Safari/537.36"
::1 - - [16/Aug/2020:15:00:23 +0000] "GET /api/shop/cart HTTP/1.1" 403 57 "http://localhost:3000/cart" "Mozilla/5.0 (Windows NT 10.0; Win64; x64) AppleWebKit/537.36 (KHTML, like Gecko) Chrome/80.0.3987.163 Safari/537.36"
::1 - - [16/Aug/2020:15:00:28 +0000] "POST /api/shop/cart HTTP/1.1" 403 57 "http://localhost:3000/cart" "Mozilla/5.0 (Windows NT 10.0; Win64; x64) AppleWebKit/537.36 (KHTML, like Gecko) Chrome/80.0.3987.163 Safari/537.36"
::1 - - [17/Aug/2020:07:14:36 +0000] "POST /api/shop/pay HTTP/1.1" 500 - "http://localhost:3000/payment" "Mozilla/5.0 (Windows NT 10.0; Win64; x64) AppleWebKit/537.36 (KHTML, like Gecko) Chrome/80.0.3987.163 Safari/537.36"
::1 - - [17/Aug/2020:07:15:46 +0000] "POST /api/shop/pay HTTP/1.1" 500 - "http://localhost:3000/payment" "Mozilla/5.0 (Windows NT 10.0; Win64; x64) AppleWebKit/537.36 (KHTML, like Gecko) Chrome/80.0.3987.163 Safari/537.36"
::1 - - [17/Aug/2020:07:16:27 +0000] "POST /api/shop/pay HTTP/1.1" 500 - "http://localhost:3000/payment" "Mozilla/5.0 (Windows NT 10.0; Win64; x64) AppleWebKit/537.36 (KHTML, like Gecko) Chrome/80.0.3987.163 Safari/537.36"
::1 - - [17/Aug/2020:07:18:11 +0000] "POST /api/shop/pay HTTP/1.1" 400 57 "http://localhost:3000/payment" "Mozilla/5.0 (Windows NT 10.0; Win64; x64) AppleWebKit/537.36 (KHTML, like Gecko) Chrome/80.0.3987.163 Safari/537.36"
::1 - - [17/Aug/2020:07:20:38 +0000] "POST /api/shop/pay HTTP/1.1" 400 57 "http://localhost:3000/payment" "Mozilla/5.0 (Windows NT 10.0; Win64; x64) AppleWebKit/537.36 (KHTML, like Gecko) Chrome/80.0.3987.163 Safari/537.36"
::1 - - [17/Aug/2020:07:24:35 +0000] "POST /api/shop/pay HTTP/1.1" 400 57 "http://localhost:3000/payment" "Mozilla/5.0 (Windows NT 10.0; Win64; x64) AppleWebKit/537.36 (KHTML, like Gecko) Chrome/80.0.3987.163 Safari/537.36"
::1 - - [17/Aug/2020:07:25:29 +0000] "POST /api/shop/pay HTTP/1.1" 400 53 "http://localhost:3000/payment" "Mozilla/5.0 (Windows NT 10.0; Win64; x64) AppleWebKit/537.36 (KHTML, like Gecko) Chrome/80.0.3987.163 Safari/537.36"
::1 - - [17/Aug/2020:07:45:33 +0000] "POST /api/shop/pay HTTP/1.1" 400 57 "http://localhost:3000/payment" "Mozilla/5.0 (Windows NT 10.0; Win64; x64) AppleWebKit/537.36 (KHTML, like Gecko) Chrome/80.0.3987.163 Safari/537.36"
::1 - - [17/Aug/2020:07:47:22 +0000] "POST /api/shop/pay HTTP/1.1" 400 55 "http://localhost:3000/payment" "Mozilla/5.0 (Windows NT 10.0; Win64; x64) AppleWebKit/537.36 (KHTML, like Gecko) Chrome/80.0.3987.163 Safari/537.36"
::1 - - [17/Aug/2020:07:48:06 +0000] "POST /api/shop/pay HTTP/1.1" 400 55 "http://localhost:3000/payment" "Mozilla/5.0 (Windows NT 10.0; Win64; x64) AppleWebKit/537.36 (KHTML, like Gecko) Chrome/80.0.3987.163 Safari/537.36"
::1 - - [17/Aug/2020:07:48:47 +0000] "POST /api/shop/pay HTTP/1.1" 400 46 "http://localhost:3000/payment" "Mozilla/5.0 (Windows NT 10.0; Win64; x64) AppleWebKit/537.36 (KHTML, like Gecko) Chrome/80.0.3987.163 Safari/537.36"
::1 - - [17/Aug/2020:07:49:01 +0000] "POST /api/shop/pay HTTP/1.1" 400 46 "http://localhost:3000/payment" "Mozilla/5.0 (Windows NT 10.0; Win64; x64) AppleWebKit/537.36 (KHTML, like Gecko) Chrome/80.0.3987.163 Safari/537.36"
::1 - - [17/Aug/2020:08:11:36 +0000] "POST /api/shop/pay HTTP/1.1" 403 57 "http://localhost:3000/payment" "Mozilla/5.0 (Windows NT 10.0; Win64; x64) AppleWebKit/537.36 (KHTML, like Gecko) Chrome/80.0.3987.163 Safari/537.36"
::1 - - [17/Aug/2020:08:12:58 +0000] "POST /api/shop/pay HTTP/1.1" 500 - "http://localhost:3000/payment" "Mozilla/5.0 (Windows NT 10.0; Win64; x64) AppleWebKit/537.36 (KHTML, like Gecko) Chrome/80.0.3987.163 Safari/537.36"
::1 - - [17/Aug/2020:09:14:26 +0000] "POST /api/shop/pay HTTP/1.1" 500 - "http://localhost:3000/payment" "Mozilla/5.0 (Windows NT 10.0; Win64; x64) AppleWebKit/537.36 (KHTML, like Gecko) Chrome/80.0.3987.163 Safari/537.36"
::1 - - [17/Aug/2020:09:19:38 +0000] "POST /api/shop/pay HTTP/1.1" 500 - "http://localhost:3000/payment" "Mozilla/5.0 (Windows NT 10.0; Win64; x64) AppleWebKit/537.36 (KHTML, like Gecko) Chrome/80.0.3987.163 Safari/537.36"
